
	Data file  HF.txt  successfully loaded

	Dipole Moment Information Provided
	Performing all TDM calculations


	*****************************************************

	Converting bond distance to Angstrom
	Converting electronic energy to Hartrees
	Converting dipole moments to Debye

	Atom 1 -  H
	Atom 2 -  F

	Mass 1 -  1.007825032239 AMU
	Mass 2 -  18.9984031627392 AMU


	*****************************************************

	Interpolating the potential energy curve


	Minimum energy
		-0.000000198  Eh
		-0.043548206  cm^-1
		-0.000124510  kcal/mol

	Equilibrium Bond Distance
		0.91681593 Angstrom
		1.73253170 Bohr

	Equilibrium vibrational constant
		4139.818673364  cm^-1
		1241086415.762  MHz

	Equilibrium rotational constant
		20.955365918  cm^-1
		6282260.657   MHz

	Reduced Mass
		0.957055278   AMU

	Beta Value
		10.840414479 Angstrom^-1

	Harmonic Frequency
		779797593245699.00  s^-1


	Mean Absolute Error
		0.000003243    Eh

	Root Mean Squared Error 
		0.000003902    Eh

	Coefficient of Determination
		0.999999990      


	Power Series Expansion Coefficients (Hartree/Angstrom^n)

		  8  -     4.831921e+02
		  7  -    -1.182509e+13
		  6  -     1.965865e+23
		  5  -    -2.823971e+33
		  4  -     3.842494e+43
		  3  -    -4.162745e+53
		  2  -     2.210320e+63


	*****************************************************

	Interpolating the dipole curve


	Equilibrium Dipole Moment
		1.802688463  Debye
		0.709440560  au

	Mean Absolute Error
		0.000000000 Debye

	Root Mean Squared Error 
		0.000000000 Debye

	Coefficient of Determination
		1.000000000      


	Power Series Expansion Coefficients (Debye/Angstrom^n)

		  0  -     1.802688e+00
		  1  -     1.412102e+00
		  2  -    -3.644069e-02
		  3  -    -8.579574e-01
		  4  -    -4.618859e-01
		  5  -    -9.900000e-01


	*****************************************************

	Maximum Vibrational Quantum Number -  25
	Maximum Rotational Quantum Number  -  5

	Generating Harmonic Hamiltonian Matrix
		Matrix saved to 'Harmonic_Matrix.npy'

	Generating Anharmonic Hamiltonian Matrix
		Matrix saved to 'Anharmonic_Matrix.npy'

	Generating Centrifugal Potential Hamiltonian Matrix
		Matrix saved to 'Centrifugal_Matrix.npy'

	Generating Total Hamiltonian Matrix
		Matrix saved to 'Total_Matrix.npy'

	Generating Transition Dipole Moment Hamiltonian Matrix
		Matrix saved to 'TDM_Matrix.npy'
	Checking Matrix Stability
		Matrix Stable up to v =  25

	Determining Convergence of States to Within 0.1 cm^-1
		Eigenvalues converged up to v = 4 on the J = 0 surface
		Eigenvalues converged up to v = 4 on the J = 1 surface
		Eigenvalues converged up to v = 4 on the J = 2 surface
		Eigenvalues converged up to v = 4 on the J = 3 surface
		Eigenvalues converged up to v = 4 on the J = 4 surface
		Eigenvalues converged up to v = 4 on the J = 5 surface

	*****************************************************

	These are the converged energy levels and their respecitve turning points:

	On the J =  5 surface

	State       Energy (cm^-1)         Error            ΔE      LEFT TP     RIGHT TP       CENTER
	4             17409.460921  1.114000e-02   3437.852222    0.7135231    1.3278815    0.7135231
	3             13971.608699  1.900000e-04   3599.924949    0.7301294    1.2641594    0.7301294
	2             10371.683751  0.000000e+00   3766.576857    0.7510612    1.1975794    0.7510612
	1              6605.106894  0.000000e+00   3938.839898    0.7791762    1.1251293    0.7791762
	0              2666.266996  0.000000e+00      0.000000    0.8238203    1.0372314    0.8238203

	On the J =  4 surface

	State       Energy (cm^-1)         Error            ΔE      LEFT TP     RIGHT TP       CENTER
	4             17234.562653  1.013000e-02   3444.998377    0.7142955    1.3246374    0.7142955
	3             13789.564276  1.700000e-04   3607.235178    0.7311336    1.2607609    0.7311336
	2             10182.329099  0.000000e+00   3774.083530     0.752297    1.1940264     0.752297
	1              6408.245569  0.000000e+00   3946.544499    0.7808754    1.1211129    0.7808754
	0              2461.701070 -0.000000e+00      0.000000    0.8270643    1.0318247    0.8270643

	On the J =  3 surface

	State       Energy (cm^-1)         Error            ΔE      LEFT TP     RIGHT TP       CENTER
	4             17094.370064  9.380000e-03   3450.721961    0.7149134    1.3220113    0.7149134
	3             13643.648103  1.600000e-04   3613.090794    0.7319059    1.2581347    0.7319059
	2             10030.557308  0.000000e+00   3780.096713    0.7532239    1.1912458    0.7532239
	1              6250.460595  0.000000e+00   3952.716072    0.7822657    1.1179461    0.7822657
	0              2297.744523 -0.000000e+00      0.000000    0.8298449    1.0274221    0.8298449

	On the J =  2 surface

	State       Energy (cm^-1)         Error            ΔE      LEFT TP     RIGHT TP       CENTER
	4             16989.065516  8.850000e-03   3455.018546    0.7154541    1.3200031    0.7154541
	3             13534.046970  1.500000e-04   3617.486855    0.7324466    1.2560493    0.7324466
	2              9916.560115  0.000000e+00   3784.611186    0.7539963    1.1890831    0.7539963
	1              6131.948929  0.000000e+00   3957.349365    0.7833471    1.1154744    0.7833471
	0              2174.599564  0.000000e+00      0.000000    0.8319304    1.0240236    0.8319304

	On the J =  1 surface

	State       Energy (cm^-1)         Error            ΔE      LEFT TP     RIGHT TP       CENTER
	4             16918.786141  8.520000e-03   3457.884796     0.715763      1.31869     0.715763
	3             13460.901346  1.400000e-04   3620.419638    0.7328328    1.2547362    0.7328328
	2              9840.481708  0.000000e+00   3787.623020    0.7545369    1.1876156    0.7545369
	1              6052.858688  0.000000e+00   3960.440427    0.7841195    1.1139297    0.7841195
	0              2092.418260 -0.000000e+00      0.000000    0.8333979    1.0217064    0.8333979

	On the J =  0 surface

	State       Energy (cm^-1)         Error            ΔE      LEFT TP     RIGHT TP       CENTER
	4             16883.623530  8.350000e-03   3459.318479    0.7159175    1.3180721    0.7159175
	3             13424.305051  1.400000e-04   3621.886653    0.7330645    1.2540411    0.7330645
	2              9802.418398  0.000000e+00   3789.129594    0.7547687    1.1869204    0.7547687
	1              6013.288805  0.000000e+00   3961.986619    0.7845057      1.11308    0.7845057
	0              2051.302186 -0.000000e+00      0.000000    0.8341703    1.0205478    0.8341703


	*****************************************************

	Dissociation Energy


	De
		    0.106274   +/-     0.014320        Eh
		    2.891873   +/-     0.389654        eV
		   66.688091   +/-     8.985622  kcal/mol
		23324.513548   +/-  3142.769000     cm^-1

	D0
		    0.096928   +/-     0.014320        Eh
		    2.637544   +/-     0.389654        eV
		   60.823128   +/-     8.985622  kcal/mol
		21273.211363   +/-  3142.769000     cm^-1


	*****************************************************

	Vi   Ji   Vj   Jj                Ei             Ej             ΔE            TDM              f              A
	0    0    0    1        2051.302186    2092.418260      41.116075   1.824707e+00   6.436141e-05   2.418834e-02
	0    1    0    0        2092.418260    2051.302186     -41.116075   1.824707e+00  -2.145380e-05  -7.256502e-02
	0    1    0    2        2092.418260    2174.599564      82.181304   1.825104e+00   8.579947e-05   2.318784e-01
	0    2    0    1        2174.599564    2092.418260     -82.181304   1.825104e+00  -5.147968e-05  -3.864641e-01
	0    2    0    3        2174.599564    2297.744523     123.144959   1.825765e+00   1.157939e-04   8.365065e-01
	0    3    0    2        2297.744523    2174.599564    -123.144959   1.825765e+00  -8.270992e-05  -1.171109e+00
	0    3    0    4        2297.744523    2461.701070     163.956547   1.826692e+00   1.469770e-04   2.049466e+00
	0    4    0    3        2461.701070    2297.744523    -163.956547   1.826692e+00  -1.143154e-04  -2.635028e+00
	0    4    0    5        2461.701070    2666.266995     204.565925  -1.827884e+00   1.785196e-04   4.076438e+00
	0    5    0    4        2666.266995    2461.701070    -204.565925  -1.827884e+00  -1.460615e-04  -4.982313e+00

	0    0    1    0        2051.302186    6013.288805    3961.986619   9.185544e-02   1.571631e-05   1.645338e+02
	0    0    1    1        2051.302186    6052.858688    4001.556502  -8.920941e-02   1.497194e-05   5.329583e+01
	0    1    1    0        2092.418260    6013.288805    3920.870544   9.451625e-02   5.489111e-06   1.688367e+02
	0    1    1    1        2092.418260    6052.858688    3960.440427  -9.186968e-02   5.238350e-06   5.479739e+01
	0    1    1    2        2092.418260    6131.948929    4039.530669   8.657727e-02   9.490198e-06   6.196790e+01
	0    2    1    1        2174.599564    6052.858688    3878.259124  -9.719269e-02   6.889565e-06   1.151841e+02
	0    2    1    2        2174.599564    6131.948929    3957.349365   9.189813e-02   3.142502e-06   3.282183e+01
	0    2    1    3        2174.599564    6250.460595    4075.861031  -8.395810e-02   8.104452e-06   6.413762e+01
	0    3    1    2        2297.744523    6131.948929    3834.204406   9.988557e-02   7.707824e-06   1.058008e+02
	0    3    1    3        2297.744523    6250.460595    3952.716072  -9.194072e-02   2.244095e-06   2.338357e+01
	0    3    1    4        2297.744523    6408.245569    4110.501046   8.135093e-02   7.308186e-06   6.405206e+01
	0    4    1    3        2461.701070    6250.460595    3788.759525  -1.025957e-01   8.332986e-06   1.025694e+02
	0    4    1    4        2461.701070    6408.245569    3946.544499   9.199734e-02   1.744829e-06   1.812447e+01
	0    4    1    5        2461.701070    6605.106894    4143.405824  -7.875476e-02   6.712223e-06   6.287957e+01
	0    5    1    4        2666.266995    6408.245569    3741.978574  -1.053238e-01   8.870738e-06   1.012491e+02
	0    5    1    5        2666.266995    6605.106894    3938.839899   9.206785e-02   1.426985e-06   1.476504e+01

	0    0    2    0        2051.302186    9802.418398    7751.116213  -1.127796e-02   4.635034e-07   1.857205e+01
	0    0    2    1        2051.302186    9840.481708    7789.179522   1.111610e-02   4.525062e-07   6.103306e+00
	0    1    2    0        2092.418260    9802.418398    7710.000138  -1.144079e-02   1.581513e-07   1.880967e+01
	0    1    2    1        2092.418260    9840.481708    7748.063447   1.128425e-02   1.546128e-07   6.190278e+00
	0    1    2    2        2092.418260    9916.560115    7824.141855   1.095515e-02   2.943132e-07   7.209628e+00
	0    2    2    1        2174.599564    9840.481708    7665.882144   1.160468e-02   1.941404e-07   1.268141e+01
	0    2    2    2        2174.599564    9916.560115    7741.960551   1.129686e-02   9.290183e-08   3.713681e+00
	0    2    2    3        2174.599564   10030.557308    7855.957744   1.079503e-02   2.582415e-07   7.592324e+00
	0    3    2    2        2297.744523    9916.560115    7618.815592   1.176972e-02   2.126527e-07   1.152530e+01
	0    3    2    3        2297.744523   10030.557308    7732.812785   1.131581e-02   6.650256e-08   2.652112e+00
	0    3    2    4        2297.744523   10182.329099    7884.584576   1.063570e-02   2.396077e-07   7.726672e+00
	0    4    2    3        2461.701070   10030.557308    7568.856238   1.193604e-02   2.253181e-07   1.106827e+01
	0    4    2    4        2461.701070   10182.329099    7720.628029   1.134114e-02   5.187416e-08   2.062219e+00
	0    4    2    5        2461.701070   10371.683751    7909.982680   1.047711e-02   2.267849e-07   7.742719e+00
	0    5    2    4        2666.266995   10182.329099    7516.062103  -1.210375e-02   2.353075e-07   1.083540e+01
	0    5    2    5        2666.266995   10371.683751    7705.416755  -1.137291e-02   4.259652e-08   1.686727e+00

	0    0    3    0        2051.302186   13424.305051   11373.002865   1.604979e-03   1.377342e-08   1.188148e+00
	0    0    3    1        2051.302186   13460.901346   11409.599160   1.585683e-03   1.348749e-08   3.903275e-01
	0    1    3    0        2092.418260   13424.305051   11331.886791   1.623946e-03   4.683301e-09   1.203251e+00
	0    1    3    1        2092.418260   13460.901346   11368.483085   1.605893e-03   4.594544e-09   3.960280e-01
	0    1    3    2        2092.418260   13534.046970   11441.628710   1.566063e-03   8.795147e-09   4.607321e-01
	0    2    3    1        2174.599564   13460.901346   11286.301782   1.642580e-03   5.726543e-09   8.108173e-01
	0    2    3    2        2174.599564   13534.046970   11359.447406   1.607722e-03   2.760814e-09   2.375910e-01
	0    2    3    3        2174.599564   13643.648103   11469.048539  -1.546124e-03   7.733839e-09   4.846189e-01
	0    3    3    2        2297.744523   13534.046970   11236.302447   1.660876e-03   6.245237e-09   7.362109e-01
	0    3    3    3        2297.744523   13643.648103   11345.903580  -1.610469e-03   1.976394e-09   1.696798e-01
	0    3    3    4        2297.744523   13789.564276   11491.819753  -1.525870e-03   7.188094e-09   4.924082e-01
	0    4    3    3        2461.701070   13643.648103   11181.947032  -1.678830e-03   6.585312e-09   7.060479e-01
	0    4    3    4        2461.701070   13789.564276   11327.863206  -1.614135e-03   1.541747e-09   1.319434e-01
	0    4    3    5        2461.701070   13971.608699   11509.907629   1.505307e-03   6.812040e-09   4.924353e-01
	0    5    3    4        2666.266995   13789.564276   11123.297281   1.696439e-03   6.840930e-09   6.899393e-01
	0    5    3    5        2666.266995   13971.608699   11305.341704  -1.618727e-03   1.266094e-09   1.079224e-01

	0    0    4    0        2051.302186   16883.623530   14832.321345   3.529207e-04   8.685427e-10   1.274348e-01
	0    0    4    1        2051.302186   16918.786141   14867.483956   3.479202e-04   8.461055e-10   4.157734e-02
	0    1    4    0        2092.418260   16883.623530   14791.205270   3.578531e-04   2.968381e-10   1.299351e-01
	0    1    4    1        2092.418260   16918.786141   14826.367881   3.531901e-04   2.898400e-10   4.249192e-02
	0    1    4    2        2092.418260   16989.065516   14896.647256   3.428515e-04   5.488293e-10   4.873535e-02
	0    2    4    1        2174.599564   16918.786141   14744.186577   3.627175e-04   3.647922e-10   8.814839e-02
	0    2    4    2        2174.599564   16989.065516   14814.465953   3.537291e-04   1.742952e-10   2.551150e-02
	0    2    4    3        2174.599564   17094.370064   14919.770500   3.377149e-04   4.800005e-10   5.089984e-02
	0    3    4    2        2297.744523   16989.065516   14691.320994   3.675139e-04   3.998154e-10   8.057266e-02
	0    3    4    3        2297.744523   17094.370064   14796.625541   3.545385e-04   1.249163e-10   1.823992e-02
	0    3    4    4        2297.744523   17234.562653   14936.818130   3.325105e-04   4.436685e-10   5.134625e-02
	0    4    4    3        2461.701070   17094.370064   14632.668994   3.722429e-04   4.236642e-10   7.778427e-02
	0    4    4    4        2461.701070   17234.562653   14772.861583   3.556189e-04   9.759323e-11   1.420455e-02
	0    4    4    5        2461.701070   17409.460921   14947.759851  -3.272385e-04   4.180808e-10   5.097307e-02
	0    5    4    4        2666.266995   17234.562653   14568.295658  -3.769048e-04   4.422597e-10   7.651092e-02
	0    5    4    5        2666.266995   17409.460921   14743.193926   3.569718e-04   8.029610e-11   1.164008e-02



	1    0    0    0        6013.288805    2051.302186   -3961.986619   9.185544e-02  -1.571631e-05  -1.645338e+02
	1    0    0    1        6013.288805    2092.418260   -3920.870544   9.451625e-02  -1.646733e-05  -5.627889e+01
	1    1    0    0        6052.858688    2051.302186   -4001.556502  -8.920941e-02  -4.990647e-06  -1.598875e+02
	1    1    0    1        6052.858688    2092.418260   -3960.440427  -9.186968e-02  -5.238350e-06  -5.479739e+01
	1    1    0    2        6052.858688    2174.599564   -3878.259124  -9.719269e-02  -1.148261e-05  -6.911048e+01
	1    2    0    1        6131.948929    2092.418260   -4039.530669   8.657727e-02  -5.694119e-06  -1.032798e+02
	1    2    0    2        6131.948929    2174.599564   -3957.349365   9.189813e-02  -3.142502e-06  -3.282183e+01
	1    2    0    3        6131.948929    2297.744523   -3834.204406   9.988557e-02  -1.079095e-05  -7.557198e+01
	1    3    0    2        6250.460595    2174.599564   -4075.861031  -8.395810e-02  -5.788894e-06  -8.979266e+01
	1    3    0    3        6250.460595    2297.744523   -3952.716072  -9.194072e-02  -2.244095e-06  -2.338357e+01
	1    3    0    4        6250.460595    2461.701070   -3788.759525  -1.025957e-01  -1.071384e-05  -7.977617e+01
	1    4    0    3        6408.245569    2297.744523   -4110.501046   8.135093e-02  -5.684145e-06  -8.235265e+01
	1    4    0    4        6408.245569    2461.701070   -3946.544499   9.199734e-02  -1.744829e-06  -1.812447e+01
	1    4    0    5        6408.245569    2666.266995   -3741.978574  -1.053238e-01  -1.084201e-05  -8.284014e+01
	1    5    0    4        6605.106894    2461.701070   -4143.405824  -7.875476e-02  -5.491818e-06  -7.685281e+01
	1    5    0    5        6605.106894    2666.266995   -3938.839899   9.206785e-02  -1.426985e-06  -1.476504e+01

	1    0    1    1        6013.288805    6052.858688      39.569883  -1.868312e+00   6.493689e-05   2.260363e-02
	1    1    1    0        6052.858688    6013.288805     -39.569883  -1.868312e+00  -2.164563e-05  -6.781089e-02
	1    1    1    2        6052.858688    6131.948929      79.090241  -1.868704e+00   8.656462e-05   2.166786e-01
	1    2    1    1        6131.948929    6052.858688     -79.090241  -1.868704e+00  -5.193877e-05  -3.611309e-01
	1    2    1    3        6131.948929    6250.460595     118.511666  -1.869357e+00   1.168220e-04   7.816227e-01
	1    3    1    2        6250.460595    6131.948929    -118.511666  -1.869357e+00  -8.344427e-05  -1.094272e+00
	1    3    1    4        6250.460595    6408.245569     157.784974  -1.870271e+00   1.482738e-04   1.914828e+00
	1    4    1    3        6408.245569    6250.460595    -157.784974  -1.870271e+00  -1.153241e-04  -2.461922e+00
	1    4    1    5        6408.245569    6605.106894     196.861325  -1.871447e+00   1.800822e-04   3.808200e+00
	1    5    1    4        6605.106894    6408.245569    -196.861325  -1.871447e+00  -1.473400e-04  -4.654467e+00

	1    0    2    0        6013.288805    9802.418398    3789.129594   1.289221e-01   2.960890e-05   2.835173e+02
	1    0    2    1        6013.288805    9840.481708    3827.192903  -1.250970e-01   2.815801e-05   9.168957e+01
	1    1    2    0        6052.858688    9802.418398    3749.559711  -1.327643e-01   1.035737e-05   2.913464e+02
	1    1    2    1        6052.858688    9840.481708    3787.623020   1.289376e-01   9.868081e-06   9.441579e+01
	1    1    2    2        6052.858688    9916.560115    3863.701427   1.212876e-01   1.781447e-05   1.064167e+02
	1    2    2    1        6131.948929    9840.481708    3708.532779  -1.366247e-01   1.301812e-05   1.990122e+02
	1    2    2    2        6131.948929    9916.560115    3784.611186  -1.289686e-01   5.918978e-06   5.654155e+01
	1    2    2    3        6131.948929   10030.557308    3898.608379  -1.174926e-01   1.518131e-05   1.099206e+02
	1    3    2    2        6250.460595    9916.560115    3666.099520   1.405045e-01   1.458263e-05   1.829999e+02
	1    3    2    3        6250.460595   10030.557308    3780.096713   1.290148e-01   4.225824e-06   4.027131e+01
	1    3    2    4        6250.460595   10182.329099    3931.868504   1.137104e-01   1.365806e-05   1.095269e+02
	1    4    2    3        6408.245569   10030.557308    3622.311739  -1.444049e-01   1.578319e-05   1.775781e+02
	1    4    2    4        6408.245569   10182.329099    3774.083530  -1.290760e-01   3.284641e-06   3.120249e+01
	1    4    2    5        6408.245569   10371.683751    3963.438181  -1.099395e-01   1.251224e-05   1.072525e+02
	1    5    2    4        6605.106894   10182.329099    3577.222205   1.483268e-01   1.681861e-05   1.754327e+02
	1    5    2    5        6605.106894   10371.683751    3766.576857   1.291520e-01   2.685247e-06   2.540718e+01

	1    0    3    0        6013.288805   13424.305051    7411.016246  -2.040902e-02   1.451275e-06   5.315984e+01
	1    0    3    1        6013.288805   13460.901346    7447.612541  -2.011863e-02   1.417235e-06   1.747564e+01
	1    1    3    0        6052.858688   13424.305051    7371.446363   2.070198e-02   4.950889e-07   5.382553e+01
	1    1    3    1        6052.858688   13460.901346    7408.042658   2.042086e-02   4.841257e-07   1.771918e+01
	1    1    3    2        6052.858688   13534.046970    7481.188283   1.983067e-02   9.221087e-07   2.065157e+01
	1    2    3    1        6131.948929   13460.901346    7328.952417  -2.099772e-02   6.076788e-07   3.628149e+01
	1    2    3    2        6131.948929   13534.046970    7402.098041  -2.044458e-02   2.909170e-07   1.063058e+01
	1    2    3    3        6131.948929   13643.648103    7511.699174   1.954500e-02   8.094475e-07   2.175783e+01
	1    3    3    2        6250.460595   13534.046970    7283.586375   2.129645e-02   6.655959e-07   3.296914e+01
	1    3    3    3        6250.460595   13643.648103    7393.187508  -2.048023e-02   2.082722e-07   7.592297e+00
	1    3    3    4        6250.460595   13789.564276    7539.103682  -1.926150e-02   7.514319e-07   2.215455e+01
	1    4    3    3        6408.245569   13643.648103    7235.402533   2.159840e-02   7.052628e-07   3.165916e+01
	1    4    3    4        6408.245569   13789.564276    7381.318707   2.052791e-02   1.624832e-07   5.904117e+00
	1    4    3    5        6408.245569   13971.608699    7563.363130  -1.898007e-02   7.116487e-07   2.221385e+01
	1    5    3    4        6605.106894   13789.564276    7184.457382  -2.190384e-02   7.366135e-07   3.099248e+01
	1    5    3    5        6605.106894   13971.608699    7366.501805   2.058772e-02   1.334482e-07   4.829630e+00

	1    0    4    0        6013.288805   16883.623530   10870.334726  -3.280802e-03   5.500861e-08   4.335058e+00
	1    0    4    1        6013.288805   16918.786141   10905.497337  -3.243184e-03   5.392827e-08   1.425820e+00
	1    1    4    0        6052.858688   16883.623530   10830.764843   3.317768e-03   1.868348e-08   4.385061e+00
	1    1    4    1        6052.858688   16918.786141   10865.927454   3.282646e-03   1.834939e-08   1.444886e+00
	1    1    4    2        6052.858688   16989.065516   10936.206829   3.204926e-03   3.520783e-08   1.685010e+00
	1    2    4    1        6131.948929   16918.786141   10786.837212  -3.354072e-03   2.282058e-08   2.951496e+00
	1    2    4    2        6131.948929   16989.065516   10857.116587  -3.286339e-03   1.102546e-08   8.667710e-01
	1    2    4    3        6131.948929   17094.370064   10962.421135  -3.166038e-03   3.099687e-08   1.774522e+00
	1    3    4    2        6250.460595   16989.065516   10738.604922   3.389704e-03   2.486122e-08   2.676854e+00
	1    3    4    3        6250.460595   17094.370064   10843.909469   3.291882e-03   7.892312e-09   6.189484e-01
	1    3    4    4        6250.460595   17234.562653   10984.102058   3.126533e-03   2.884565e-08   1.805275e+00
	1    4    4    3        6408.245569   17094.370064   10686.124495  -3.424653e-03   2.618778e-08   2.564260e+00
	1    4    4    4        6408.245569   17234.562653   10826.317084  -3.299284e-03   6.156098e-09   4.812220e-01
	1    4    4    5        6408.245569   17409.460921   11001.215352   3.086420e-03   2.737197e-08   1.807655e+00
	1    5    4    4        6605.106894   17234.562653   10629.455759   3.458909e-03   2.717656e-08   2.502909e+00
	1    5    4    5        6605.106894   17409.460921   10804.354027  -3.308554e-03   5.054874e-09   3.935378e-01



	2    0    0    0        9802.418398    2051.302186   -7751.116213  -1.127796e-02  -4.635034e-07  -1.857205e+01
	2    0    0    1        9802.418398    2092.418260   -7710.000138  -1.144079e-02  -4.744538e-07  -6.269890e+00
	2    1    0    0        9840.481708    2051.302186   -7789.179522   1.111610e-02  -1.508354e-07  -1.830992e+01
	2    1    0    1        9840.481708    2092.418260   -7748.063447   1.128425e-02  -1.546128e-07  -6.190278e+00
	2    1    0    2        9840.481708    2174.599564   -7665.882144   1.160468e-02  -3.235674e-07  -7.608844e+00
	2    2    0    1        9916.560115    2092.418260   -7824.141855   1.095515e-02  -1.765879e-07  -1.201605e+01
	2    2    0    2        9916.560115    2174.599564   -7741.960551   1.129686e-02  -9.290183e-08  -3.713681e+00
	2    2    0    3        9916.560115    2297.744523   -7618.815592   1.176972e-02  -2.977138e-07  -8.232360e+00
	2    3    0    2       10030.557308    2174.599564   -7855.957744   1.079503e-02  -1.844582e-07  -1.062925e+01
	2    3    0    3       10030.557308    2297.744523   -7732.812785   1.131581e-02  -6.650256e-08  -2.652112e+00
	2    3    0    4       10030.557308    2461.701070   -7568.856238   1.193604e-02  -2.896947e-07  -8.608651e+00
	2    4    0    3       10182.329099    2297.744523   -7884.584576   1.063570e-02  -1.863616e-07  -9.934292e+00
	2    4    0    4       10182.329099    2461.701070   -7720.628029   1.134114e-02  -5.187416e-08  -2.062219e+00
	2    4    0    5       10182.329099    2666.266995   -7516.062103  -1.210375e-02  -2.875980e-07  -8.865329e+00
	2    5    0    4       10371.683751    2461.701070   -7909.982680   1.047711e-02  -1.855513e-07  -9.463323e+00
	2    5    0    5       10371.683751    2666.266995   -7705.416755  -1.137291e-02  -4.259652e-08  -1.686727e+00

	2    0    1    0        9802.418398    6013.288805   -3789.129594   1.289221e-01  -2.960890e-05  -2.835173e+02
	2    0    1    1        9802.418398    6052.858688   -3749.559711  -1.327643e-01  -3.107210e-05  -9.711546e+01
	2    1    1    0        9840.481708    6013.288805   -3827.192903  -1.250970e-01  -9.386005e-06  -2.750687e+02
	2    1    1    1        9840.481708    6052.858688   -3787.623020   1.289376e-01  -9.868081e-06  -9.441579e+01
	2    1    1    2        9840.481708    6131.948929   -3708.532779  -1.366247e-01  -2.169687e-05  -1.194073e+02
	2    2    1    1        9916.560115    6052.858688   -3863.701427   1.212876e-01  -1.068868e-05  -1.773612e+02
	2    2    1    2        9916.560115    6131.948929   -3784.611186  -1.289686e-01  -5.918978e-06  -5.654155e+01
	2    2    1    3        9916.560115    6250.460595   -3666.099520   1.405045e-01  -2.041568e-05  -1.307142e+02
	2    3    1    2       10030.557308    6131.948929   -3898.608379  -1.174926e-01  -1.084380e-05  -1.538888e+02
	2    3    1    3       10030.557308    6250.460595   -3780.096713   1.290148e-01  -4.225824e-06  -4.027131e+01
	2    3    1    4       10030.557308    6408.245569   -3622.311739  -1.444049e-01  -2.029267e-05  -1.381163e+02
	2    4    1    3       10182.329099    6250.460595   -3931.868504   1.137104e-01  -1.062293e-05  -1.408203e+02
	2    4    1    4       10182.329099    6408.245569   -3774.083530  -1.290760e-01  -3.284641e-06  -3.120249e+01
	2    4    1    5       10182.329099    6605.106894   -3577.222205   1.483268e-01  -2.055608e-05  -1.435359e+02
	2    5    1    4       10371.683751    6408.245569   -3963.438181  -1.099395e-01  -1.023729e-05  -1.310864e+02
	2    5    1    5       10371.683751    6605.106894   -3766.576857   1.291520e-01  -2.685247e-06  -2.540718e+01

	2    0    2    1        9802.418398    9840.481708      38.063309  -1.911114e+00   6.535935e-05   2.105126e-02
	2    1    2    0        9840.481708    9802.418398     -38.063309  -1.911114e+00  -2.178645e-05  -6.315377e-02
	2    1    2    2        9840.481708    9916.560115      76.078407   1.911495e+00   8.712527e-05   2.017886e-01
	2    2    2    1        9916.560115    9840.481708     -76.078407   1.911495e+00  -5.227516e-05  -3.363143e-01
	2    2    2    3        9916.560115   10030.557308     113.997194   1.912128e+00   1.175729e-04   7.278569e-01
	2    3    2    2       10030.557308    9916.560115    -113.997194   1.912128e+00  -8.398064e-05  -1.019000e+00
	2    3    2    4       10030.557308   10182.329099     151.771791   1.913015e+00   1.492168e-04   1.782928e+00
	2    4    2    3       10182.329099   10030.557308    -151.771791   1.913015e+00  -1.160575e-04  -2.292336e+00
	2    4    2    5       10182.329099   10371.683751     189.354652   1.914156e+00   1.812115e-04   3.545406e+00
	2    5    2    4       10371.683751   10182.329099    -189.354652   1.914156e+00  -1.482640e-04  -4.333275e+00

	2    0    3    0        9802.418398   13424.305051    3621.886653   1.556249e-01   4.124022e-05   3.608022e+02
	2    0    3    1        9802.418398   13460.901346    3658.482947   1.508377e-01   3.913349e-05   1.164415e+02
	2    1    3    0        9840.481708   13424.305051    3583.823343  -1.604265e-01   1.445457e-05   3.714480e+02
	2    1    3    1        9840.481708   13460.901346    3620.419638  -1.556363e-01   1.374319e-05   1.201389e+02
	2    1    3    2        9840.481708   13534.046970    3693.565263  -1.460631e-01   2.469808e-05   1.348294e+02
	2    2    3    1        9916.560115   13460.901346    3544.341231  -1.652438e-01   1.820009e-05   2.541393e+02
	2    2    3    2        9916.560115   13534.046970    3617.486855  -1.556590e-01   8.241637e-06   7.192931e+01
	2    2    3    3        9916.560115   13643.648103    3727.087988   1.412993e-01   2.099080e-05   1.389053e+02
	2    3    3    2       10030.557308   13534.046970    3503.489662  -1.700783e-01   2.041972e-05   2.340226e+02
	2    3    3    3       10030.557308   13643.648103    3613.090794   1.556928e-01   5.882278e-06   5.121318e+01
	2    3    3    4       10030.557308   13789.564276    3759.006968   1.365446e-01   1.882833e-05   1.380041e+02
	2    4    3    3       10182.329099   13643.648103    3461.319004   1.749313e-01   2.213206e-05   2.273673e+02
	2    4    3    4       10182.329099   13789.564276    3607.235178   1.557371e-01   4.570294e-06   3.966171e+01
	2    4    3    5       10182.329099   13971.608699    3789.279600  -1.317967e-01   1.719179e-05   1.346985e+02
	2    5    3    4       10371.683751   13789.564276    3417.880526   1.798038e-01   2.361348e-05   2.248549e+02
	2    5    3    5       10371.683751   13971.608699    3599.924948  -1.557916e-01   3.734364e-06   3.227617e+01

	2    0    4    0        9802.418398   16883.623530    7081.205132   3.026656e-02   3.049728e-06   1.019891e+02
	2    0    4    1        9802.418398   16918.786141    7116.367743   2.983898e-02   2.978887e-06   3.353729e+01
	2    1    4    0        9840.481708   16883.623530    7043.141823  -3.069946e-02   1.040242e-06   1.032445e+02
	2    1    4    1        9840.481708   16918.786141    7078.304434  -3.028503e-02   1.017400e-06   3.399607e+01
	2    1    4    2        9840.481708   16989.065516    7148.583809  -2.941642e-02   1.938814e-06   3.964660e+01
	2    2    4    1        9916.560115   16918.786141    7002.226027  -3.113801e-02   1.276749e-06   6.958332e+01
	2    2    4    2        9916.560115   16989.065516    7072.505402  -3.032202e-02   6.114308e-07   2.039728e+01
	2    2    4    3        9916.560115   17094.370064    7177.809949  -2.899864e-02   1.702653e-06   4.178886e+01
	2    3    4    2       10030.557308   16989.065516    6958.508208  -3.158260e-02   1.398502e-06   6.322689e+01
	2    3    4    3       10030.557308   17094.370064    7063.812756  -3.037763e-02   4.378011e-07   1.456913e+01
	2    3    4    4       10030.557308   17234.562653    7204.005345  -2.858542e-02   1.581441e-06   4.257307e+01
	2    4    4    3       10182.329099   17094.370064    6912.040965  -3.203367e-02   1.482057e-06   6.071563e+01
	2    4    4    4       10182.329099   17234.562653    7052.233554  -3.045203e-02   3.416209e-07   1.133121e+01
	2    4    4    5       10182.329099   17409.460921    7227.131822   2.817659e-02   1.498643e-06   4.271283e+01
	2    5    4    4       10371.683751   17234.562653    6862.878903  -3.249170e-02   1.548305e-06   5.944259e+01
	2    5    4    5       10371.683751   17409.460921    7037.777171   3.054541e-02   2.806484e-07   9.270689e+00



	3    0    0    0       13424.305051    2051.302186  -11373.002865   1.604979e-03  -1.377342e-08  -1.188148e+00
	3    0    0    1       13424.305051    2092.418260  -11331.886791   1.623946e-03  -1.404990e-08  -4.010837e-01
	3    1    0    0       13460.901346    2051.302186  -11409.599160   1.585683e-03  -4.495830e-09  -1.170983e+00
	3    1    0    1       13460.901346    2092.418260  -11368.483085   1.605893e-03  -4.594544e-09  -3.960280e-01
	3    1    0    2       13460.901346    2174.599564  -11286.301782   1.642580e-03  -9.544238e-09  -4.864904e-01
	3    2    0    1       13534.046970    2092.418260  -11441.628710   1.566063e-03  -5.277088e-09  -7.678869e-01
	3    2    0    2       13534.046970    2174.599564  -11359.447406   1.607722e-03  -2.760814e-09  -2.375910e-01
	3    2    0    3       13534.046970    2297.744523  -11236.302447   1.660876e-03  -8.743331e-09  -5.258649e-01
	3    3    0    2       13643.648103    2174.599564  -11469.048539  -1.546124e-03  -5.524170e-09  -6.784664e-01
	3    3    0    3       13643.648103    2297.744523  -11345.903580  -1.610469e-03  -1.976394e-09  -1.696798e-01
	3    3    0    4       13643.648103    2461.701070  -11181.947032  -1.678830e-03  -8.466830e-09  -5.491483e-01
	3    4    0    3       13789.564276    2297.744523  -11491.819753  -1.525870e-03  -5.590739e-09  -6.330963e-01
	3    4    0    4       13789.564276    2461.701070  -11327.863206  -1.614135e-03  -1.541747e-09  -1.319434e-01
	3    4    0    5       13789.564276    2666.266995  -11123.297281   1.696439e-03  -8.361137e-09  -5.644958e-01
	3    5    0    4       13971.608699    2461.701070  -11509.907629   1.505307e-03  -5.573488e-09  -6.018654e-01
	3    5    0    5       13971.608699    2666.266995  -11305.341704  -1.618727e-03  -1.266094e-09  -1.079224e-01

	3    0    1    0       13424.305051    6013.288805   -7411.016246  -2.040902e-02  -1.451275e-06  -5.315984e+01
	3    0    1    1       13424.305051    6052.858688   -7371.446363   2.070198e-02  -1.485267e-06  -1.794184e+01
	3    1    1    0       13460.901346    6013.288805   -7447.612541  -2.011863e-02  -4.724116e-07  -5.242693e+01
	3    1    1    1       13460.901346    6052.858688   -7408.042658   2.042086e-02  -4.841257e-07  -1.771918e+01
	3    1    1    2       13460.901346    6131.948929   -7328.952417  -2.099772e-02  -1.012798e-06  -2.176889e+01
	3    2    1    1       13534.046970    6052.858688   -7481.188283   1.983067e-02  -5.532652e-07  -3.441928e+01
	3    2    1    2       13534.046970    6131.948929   -7402.098041  -2.044458e-02  -2.909170e-07  -1.063058e+01
	3    2    1    3       13534.046970    6250.460595   -7283.586375   2.129645e-02  -9.318342e-07  -2.354939e+01
	3    3    1    2       13643.648103    6131.948929   -7511.699174   1.954500e-02  -5.781768e-07  -3.046096e+01
	3    3    1    3       13643.648103    6250.460595   -7393.187508  -2.048023e-02  -2.082722e-07  -7.592297e+00
	3    3    1    4       13643.648103    6408.245569   -7235.402533   2.159840e-02  -9.067665e-07  -2.462379e+01
	3    4    1    3       13789.564276    6250.460595   -7539.103682  -1.926150e-02  -5.844470e-07  -2.848443e+01
	3    4    1    4       13789.564276    6408.245569   -7381.318707   2.052791e-02  -1.624832e-07  -5.904117e+00
	3    4    1    5       13789.564276    6605.106894   -7184.457382  -2.190384e-02  -9.003054e-07  -2.535748e+01
	3    5    1    4       13971.608699    6408.245569   -7563.363130  -1.898007e-02  -5.822580e-07  -2.715026e+01
	3    5    1    5       13971.608699    6605.106894   -7366.501805   2.058772e-02  -1.334482e-07  -4.829630e+00

	3    0    2    0       13424.305051    9802.418398   -3621.886653   1.556249e-01  -4.124022e-05  -3.608022e+02
	3    0    2    1       13424.305051    9840.481708   -3583.823343  -1.604265e-01  -4.336371e-05  -1.238160e+02
	3    1    2    0       13460.901346    9802.418398   -3658.482947   1.508377e-01  -1.304450e-05  -3.493245e+02
	3    1    2    1       13460.901346    9840.481708   -3620.419638  -1.556363e-01  -1.374319e-05  -1.201389e+02
	3    1    2    2       13460.901346    9916.560115   -3544.341231  -1.652438e-01  -3.033349e-05  -1.524836e+02
	3    2    2    1       13534.046970    9840.481708   -3693.565263  -1.460631e-01  -1.481885e-05  -2.247156e+02
	3    2    2    2       13534.046970    9916.560115   -3617.486855  -1.556590e-01  -8.241637e-06  -7.192931e+01
	3    2    2    3       13534.046970   10030.557308   -3503.489662  -1.700783e-01  -2.858760e-05  -1.671590e+02
	3    3    2    2       13643.648103    9916.560115   -3727.087988   1.412993e-01  -1.499343e-05  -1.944674e+02
	3    3    2    3       13643.648103   10030.557308   -3613.090794   1.556928e-01  -5.882278e-06  -5.121318e+01
	3    3    2    4       13643.648103   10182.329099   -3461.319004   1.749313e-01  -2.845550e-05  -1.768412e+02
	3    4    2    3       13789.564276   10030.557308   -3759.006968   1.365446e-01  -1.464426e-05  -1.774339e+02
	3    4    2    4       13789.564276   10182.329099   -3607.235178   1.557371e-01  -4.570294e-06  -3.966171e+01
	3    4    2    5       13789.564276   10371.683751   -3417.880526   1.798038e-01  -2.886092e-05  -1.839722e+02
	3    5    2    4       13971.608699   10182.329099   -3789.279600  -1.317967e-01  -1.406601e-05  -1.646314e+02
	3    5    2    5       13971.608699   10371.683751   -3599.924948  -1.557916e-01  -3.734364e-06  -3.227617e+01

	3    0    3    1       13424.305051   13460.901346      36.596295   1.952305e+00   6.557833e-05   1.952503e-02
	3    1    3    0       13460.901346   13424.305051     -36.596295   1.952305e+00  -2.185944e-05  -5.857510e-02
	3    1    3    2       13460.901346   13534.046970      73.145625   1.952666e+00   8.741396e-05   1.871489e-01
	3    2    3    1       13534.046970   13460.901346     -73.145625   1.952666e+00  -5.244838e-05  -3.119148e-01
	3    2    3    3       13534.046970   13643.648103     109.601132  -1.953267e+00   1.179553e-04   6.749907e-01
	3    3    3    2       13643.648103   13534.046970    -109.601132  -1.953267e+00  -8.425375e-05  -9.449870e-01
	3    3    3    4       13643.648103   13789.564276     145.916174   1.954108e+00   1.496891e-04   1.653222e+00
	3    4    3    3       13789.564276   13643.648103    -145.916174   1.954108e+00  -1.164249e-04  -2.125571e+00
	3    4    3    5       13789.564276   13971.608699     182.044423  -1.955189e+00   1.817649e-04   3.286950e+00
	3    5    3    4       13971.608699   13789.564276    -182.044423  -1.955189e+00  -1.487167e-04  -4.017383e+00

	3    0    4    0       13424.305051   16883.623530    3459.318479  -1.755148e-01   5.010093e-05   3.998576e+02
	3    0    4    1       13424.305051   16918.786141    3494.481090  -1.698677e-01   4.740588e-05   1.286930e+02
	3    1    4    0       13460.901346   16883.623530    3422.722185  -1.811681e-01   1.760523e-05   4.126528e+02
	3    1    4    1       13460.901346   16918.786141    3457.884796  -1.755165e-01   1.669372e-05   1.331228e+02
	3    1    4    2       13460.901346   16989.065516    3528.164171  -1.642250e-01   2.982385e-05   1.485563e+02
	3    2    4    1       13534.046970   16918.786141    3384.739171  -1.868295e-01   2.221794e-05   2.829316e+02
	3    2    4    2       13534.046970   16989.065516    3455.018546  -1.755198e-01   1.000830e-05   7.967820e+01
	3    2    4    3       13534.046970   17094.370064    3560.323094  -1.585844e-01   2.525744e-05   1.525171e+02
	3    3    4    2       13643.648103   16989.065516    3345.417414   1.925004e-01   2.497839e-05   2.610186e+02
	3    3    4    3       13643.648103   17094.370064    3450.721961   1.755241e-01   7.140251e-06   5.670376e+01
	3    3    4    4       13643.648103   17234.562653    3590.914551   1.529436e-01   2.256614e-05   1.509390e+02
	3    4    4    3       13789.564276   17094.370064    3304.805788   1.981821e-01   2.712191e-05   2.540008e+02
	3    4    4    4       13789.564276   17234.562653    3444.998377   1.755290e-01   5.544622e-06   4.388625e+01
	3    4    4    5       13789.564276   17409.460921    3619.896645  -1.473000e-01   2.051430e-05   1.466822e+02
	3    5    4    4       13971.608699   17234.562653    3262.953954  -2.038760e-01   2.898332e-05   2.515351e+02
	3    5    4    5       13971.608699   17409.460921    3437.852222   1.755334e-01   4.527329e-06   3.568575e+01



	4    0    0    0       16883.623530    2051.302186  -14832.321345   3.529207e-04  -8.685427e-10  -1.274348e-01
	4    0    0    1       16883.623530    2092.418260  -14791.205270   3.578531e-04  -8.905144e-10  -4.331170e-02
	4    1    0    0       16918.786141    2051.302186  -14867.483956   3.479202e-04  -2.820352e-10  -1.247320e-01
	4    1    0    1       16918.786141    2092.418260  -14826.367881   3.531901e-04  -2.898400e-10  -4.249192e-02
	4    1    0    2       16918.786141    2174.599564  -14744.186577   3.627175e-04  -6.079870e-10  -5.288903e-02
	4    2    0    1       16989.065516    2092.418260  -14896.647256   3.428515e-04  -3.292976e-10  -8.122558e-02
	4    2    0    2       16989.065516    2174.599564  -14814.465953   3.537291e-04  -1.742952e-10  -2.551150e-02
	4    2    0    3       16989.065516    2297.744523  -14691.320994   3.675139e-04  -5.597416e-10  -5.755190e-02
	4    3    0    2       17094.370064    2174.599564  -14919.770500   3.377149e-04  -3.428575e-10  -7.125978e-02
	4    3    0    3       17094.370064    2297.744523  -14796.625541   3.545385e-04  -1.249163e-10  -1.823992e-02
	4    3    0    4       17094.370064    2461.701070  -14632.668994   3.722429e-04  -5.447111e-10  -6.049887e-02
	4    4    0    3       17234.562653    2297.744523  -14936.818130   3.325105e-04  -3.450755e-10  -6.601661e-02
	4    4    0    4       17234.562653    2461.701070  -14772.861583   3.556189e-04  -9.759323e-11  -1.420455e-02
	4    4    0    5       17234.562653    2666.266995  -14568.295658  -3.769048e-04  -5.405396e-10  -6.259985e-02
	4    5    0    4       17409.460921    2461.701070  -14947.759851  -3.272385e-04  -3.420661e-10  -6.230041e-02
	4    5    0    5       17409.460921    2666.266995  -14743.193926   3.569718e-04  -8.029610e-11  -1.164008e-02

	4    0    1    0       16883.623530    6013.288805  -10870.334726  -3.280802e-03  -5.500861e-08  -4.335058e+00
	4    0    1    1       16883.623530    6052.858688  -10830.764843   3.317768e-03  -5.605043e-08  -1.461687e+00
	4    1    1    0       16918.786141    6013.288805  -10905.497337  -3.243184e-03  -1.797609e-08  -4.277459e+00
	4    1    1    1       16918.786141    6052.858688  -10865.927454   3.282646e-03  -1.834939e-08  -1.444886e+00
	4    1    1    2       16918.786141    6131.948929  -10786.837212  -3.354072e-03  -3.803431e-08  -1.770898e+00
	4    2    1    1       16989.065516    6052.858688  -10936.206829   3.204926e-03  -2.112470e-08  -2.808349e+00
	4    2    1    2       16989.065516    6131.948929  -10857.116587  -3.286339e-03  -1.102546e-08  -8.667710e-01
	4    2    1    3       16989.065516    6250.460595  -10738.604922   3.389704e-03  -3.480571e-08  -1.912039e+00
	4    3    1    2       17094.370064    6131.948929  -10962.421135  -3.166038e-03  -2.214062e-08  -2.484330e+00
	4    3    1    3       17094.370064    6250.460595  -10843.909469   3.291882e-03  -7.892312e-09  -6.189484e-01
	4    3    1    4       17094.370064    6408.245569  -10686.124495  -3.424653e-03  -3.367000e-08  -1.994424e+00
	4    4    1    3       17234.562653    6250.460595  -10984.102058   3.126533e-03  -2.243550e-08  -2.321068e+00
	4    4    1    4       17234.562653    6408.245569  -10826.317084  -3.299284e-03  -6.156098e-09  -4.812220e-01
	4    4    1    5       17234.562653    6605.106894  -10629.455759   3.458909e-03  -3.321579e-08  -2.047835e+00
	4    5    1    4       17409.460921    6408.245569  -11001.215352   3.086420e-03  -2.239525e-08  -2.209356e+00
	4    5    1    5       17409.460921    6605.106894  -10804.354027  -3.308554e-03  -5.054874e-09  -3.935378e-01

	4    0    2    0       16883.623530    9802.418398   -7081.205132   3.026656e-02  -3.049728e-06  -1.019891e+02
	4    0    2    1       16883.623530    9840.481708   -7043.141823  -3.069946e-02  -3.120726e-06  -3.441484e+01
	4    1    2    0       16918.786141    9802.418398   -7116.367743   2.983898e-02  -9.929623e-07  -1.006119e+02
	4    1    2    1       16918.786141    9840.481708   -7078.304434  -3.028503e-02  -1.017400e-06  -3.399607e+01
	4    1    2    2       16918.786141    9916.560115   -7002.226027  -3.113801e-02  -2.127916e-06  -4.174999e+01
	4    2    2    1       16989.065516    9840.481708   -7148.583809  -2.941642e-02  -1.163288e-06  -6.607766e+01
	4    2    2    2       16989.065516    9916.560115   -7072.505402  -3.032202e-02  -6.114308e-07  -2.039728e+01
	4    2    2    3       16989.065516   10030.557308   -6958.508208  -3.158260e-02  -1.957903e-06  -4.516206e+01
	4    3    2    2       17094.370064    9916.560115   -7177.809949  -2.899864e-02  -1.216181e-06  -5.850441e+01
	4    3    2    3       17094.370064   10030.557308   -7063.812756  -3.037763e-02  -4.378011e-07  -1.456913e+01
	4    3    2    4       17094.370064   10182.329099   -6912.040965  -3.203367e-02  -1.905502e-06  -4.722327e+01
	4    4    2    3       17234.562653   10030.557308   -7204.005345  -2.858542e-02  -1.230009e-06  -5.473680e+01
	4    4    2    4       17234.562653   10182.329099   -7052.233554  -3.045203e-02  -3.416209e-07  -1.133121e+01
	4    4    2    5       17234.562653   10371.683751   -6862.878903  -3.249170e-02  -1.892372e-06  -4.863485e+01
	4    5    2    4       17409.460921   10182.329099   -7227.131822   2.817659e-02  -1.226162e-06  -5.220457e+01
	4    5    2    5       17409.460921   10371.683751   -7037.777171   3.054541e-02  -2.806484e-07  -9.270689e+00

	4    0    3    0       16883.623530   13424.305051   -3459.318479  -1.755148e-01  -5.010093e-05  -3.998576e+02
	4    0    3    1       16883.623530   13460.901346   -3422.722185  -1.811681e-01  -5.281570e-05  -1.375509e+02
	4    1    3    0       16918.786141   13424.305051   -3494.481090  -1.698677e-01  -1.580196e-05  -3.860789e+02
	4    1    3    1       16918.786141   13460.901346   -3457.884796  -1.755165e-01  -1.669372e-05  -1.331228e+02
	4    1    3    2       16918.786141   13534.046970   -3384.739171  -1.868295e-01  -3.702990e-05  -1.697589e+02
	4    2    3    1       16989.065516   13460.901346   -3528.164171  -1.642250e-01  -1.789431e-05  -2.475938e+02
	4    2    3    2       16989.065516   13534.046970   -3455.018546  -1.755198e-01  -1.000830e-05  -7.967820e+01
	4    2    3    3       16989.065516   13643.648103   -3345.417414   1.925004e-01  -3.496974e-05  -1.864419e+02
	4    3    3    2       17094.370064   13534.046970   -3560.323094  -1.585844e-01  -1.804103e-05  -2.135239e+02
	4    3    3    3       17094.370064   13643.648103   -3450.721961   1.755241e-01  -7.140251e-06  -5.670376e+01
	4    3    3    4       17094.370064   13789.564276   -3304.805788   1.981821e-01  -3.487102e-05  -1.975561e+02
	4    4    3    3       17234.562653   13643.648103   -3590.914551   1.529436e-01  -1.755144e-05  -1.940644e+02
	4    4    3    4       17234.562653   13789.564276   -3444.998377   1.755290e-01  -5.544622e-06  -4.388625e+01
	4    4    3    5       17234.562653   13971.608699   -3262.953954  -2.038760e-01  -3.542405e-05  -2.058014e+02
	4    5    3    4       17409.460921   13789.564276   -3619.896645  -1.473000e-01  -1.678443e-05  -1.792782e+02
	4    5    3    5       17409.460921   13971.608699   -3437.852222   1.755334e-01  -4.527329e-06  -3.568575e+01

	4    0    4    1       16883.623530   16918.786141      35.162611   1.990937e+00   6.552757e-05   1.801124e-02
	4    1    4    0       16918.786141   16883.623530     -35.162611   1.990937e+00  -2.184252e-05  -5.403371e-02
	4    1    4    2       16918.786141   16989.065516      70.279375   1.991268e+00   8.734216e-05   1.726273e-01
	4    2    4    1       16989.065516   16918.786141     -70.279375   1.991268e+00  -5.240530e-05  -2.877121e-01
	4    2    4    3       16989.065516   17094.370064     105.304548   1.991819e+00   1.178490e-04   6.225449e-01
	4    3    4    2       17094.370064   16989.065516    -105.304548   1.991819e+00  -8.417788e-05  -8.715629e-01
	4    3    4    4       17094.370064   17234.562653     140.192589   1.992590e+00   1.495377e-04   1.524526e+00
	4    4    4    3       17234.562653   17094.370064    -140.192589   1.992590e+00  -1.163071e-04  -1.960104e+00
	4    4    4    5       17234.562653   17409.460921     174.898268  -1.993579e+00   1.815549e-04   3.030451e+00
	4    5    4    4       17409.460921   17234.562653    -174.898268  -1.993579e+00  -1.485449e-04  -3.703884e+00

	*****************************************************

	Pure Vibrational Constants on Different J-Surfaces

	         J = 0	         J = 1	         J = 2	         J = 3
	    we 	 4.151672e+03 	 4.278592e+03 	 4.532275e+03 	 4.912408e+03 
	  ωexe 	-9.959849e+01 	-2.001483e+02 	-4.011244e+02 	-7.022798e+02 
	  ωeye 	 2.926662e+00 	 2.527548e+01 	 6.994563e+01 	 1.368823e+02 

	         J = 4	         J = 5
	    we 	 5.418524e+03 	 6.049998e+03 
	  ωexe 	-1.103245e+03 	-1.603528e+03 
	  ωeye 	 2.260032e+02 	 3.371991e+02 


	*****************************************************

	Pure Rotational Constants on Different v-Surfaces

	         v = 0	         v = 1	         v = 2	         v = 3
	    Be 	 2.056228e+01 	 1.978907e+01 	 1.903567e+01 	 1.830206e+01 
	    De 	-2.119874e-03 	-2.064779e-03 	-2.010044e-03 	-1.958046e-03 
	    Fe 	 1.633023e-07 	 1.587131e-07 	 1.546163e-07 	 1.485815e-07 

	         v = 4
	    Be 	 1.758513e+01 
	    De 	-1.911443e-03 
	    Fe 	 1.428786e-07 


	*****************************************************

	Vibrational Constants on the Full Surface

	  Constant            cm^-1            MHz
	    we         4.151672e+03   1.244640e+09
	  wexe        -9.959849e+01  -2.985888e+07
	  weye         2.926662e+00   8.773912e+05


	Rotational Constants on the Full Surface

	  Constant            cm^-1            MHz
	    Be         2.095631e+01   6.282543e+06
	    De        -2.147556e-03  -6.438211e+02
	    Fe         1.657816e-07   4.970008e-02


	Rotation-Vibration Coupling Constants (cm^-1)

	                	v = 1        	v = 2        
	J = 1   	 -7.930159e-01 	  9.904916e-03 
	J = 2   	  5.545518e-05 	 -1.801905e-07 
	J = 3   	 -5.081688e-09 	  2.462173e-10 


	Rotation-Vibration Coupling Constants (MHz)

	                	v = 1        	v = 2        
	J = 1   	 -2.377402e+05 	  2.969419e+03 
	J = 2   	  1.662504e+01 	 -5.401974e-02 
	J = 3   	 -1.523452e-03 	  7.381408e-05 



	*****************************************************

	Dunham Polynomial Fit Coefficients

	Parameter             cm^-1                    MHz
	       a0         -2.243643         -672627.276111
	       a1          3.417500         1024540.757547
	       a2         -4.499067        -1348786.219315
	       a3          5.631830         1688380.257537
	       a4         -5.628935        -1687512.161238
	       a5          2.754485          825773.750652
	Dunham Y-Parameters / Spectroscopic Equivalents

	Parameter   Spectroscopic Constant          cm^-1                 MHz
	      Y00             -              3.780126e+00        1.133253e+06
	      Y10            Be              2.095428e+01        6.281936e+06
	      Y20            De             -2.147198e-03       -6.437136e+02
	      Y30            He              1.664937e-07        4.991355e-02
	      Y40            Fe             -1.615514e-11       -4.843190e-06
	      Y01            we              4.139697e+03        1.241050e+09
	      Y11         alpha             -9.870026e-01       -2.958959e+05
	      Y21          beta              5.577450e-05        1.672077e+01
	      Y31             -             -7.043950e-09       -2.111723e-03
	      Y41             -              0.000000e+00        0.000000e+00
	      Y02          wexe             -9.028355e+01       -2.706633e+07
	      Y12         gamma              8.189554e-03        2.455166e+03
	      Y22             -             -1.025130e-06       -3.073261e-01
	      Y32             -              0.000000e+00        0.000000e+00
	      Y42             -              0.000000e+00        0.000000e+00
	      Y03          weye              6.977649e-01        2.091846e+05
	      Y13             -              4.562535e-04        1.367813e+02
	      Y23             -              0.000000e+00        0.000000e+00
	      Y33             -              0.000000e+00        0.000000e+00
	      Y43             -              0.000000e+00        0.000000e+00
	      Y04          weze              7.101297e-02        2.128915e+04
	      Y14             -              0.000000e+00        0.000000e+00
	      Y24             -              0.000000e+00        0.000000e+00
	      Y34             -              0.000000e+00        0.000000e+00
	      Y44             -              0.000000e+00        0.000000e+00

	*****************************************************

	End of Program -  0 minutes, 1 seconds 

